<?xml version="1.0" encoding="UTF-8"?>
<!-- Generated by org.testng.reporters.JUnitReportReporter -->
<testsuite skipped="0" hostname="Rajendra-PC" name="com.tests.Assignment" tests="1" failures="0" timestamp="13 Oct 2022 06:17:07 GMT" time="6.958" errors="0">
  <testcase name="validateMovieDetails" time="6.958" classname="com.tests.Assignment"/>
</testsuite> <!-- com.tests.Assignment -->
